2025-11-29T19:29:52.957-05:00  INFO 8628 --- [nexus-marketplace] [main] com.nexus.marketplace.NexusApplication   : Starting NexusApplication using Java 21.0.8 with PID 8628 (C:\Users\carlo\OneDrive\Desktop\Nexus-Integrador\Nexus-Integrador\nexus\target\classes started by carlo in C:\Users\carlo\OneDrive\Desktop\Nexus-Integrador\Nexus-Integrador\nexus)
2025-11-29T19:29:52.958-05:00 DEBUG 8628 --- [nexus-marketplace] [main] com.nexus.marketplace.NexusApplication   : Running with Spring Boot v3.2.0, Spring v6.1.1
2025-11-29T19:29:52.958-05:00  INFO 8628 --- [nexus-marketplace] [main] com.nexus.marketplace.NexusApplication   : No active profile set, falling back to 1 default profile: "default"
2025-11-29T19:29:53.532-05:00  INFO 8628 --- [nexus-marketplace] [main] .s.d.r.c.RepositoryConfigurationDelegate : Bootstrapping Spring Data JPA repositories in DEFAULT mode.
2025-11-29T19:29:53.578-05:00  INFO 8628 --- [nexus-marketplace] [main] .s.d.r.c.RepositoryConfigurationDelegate : Finished Spring Data repository scanning in 40 ms. Found 2 JPA repository interfaces.
2025-11-29T19:29:54.005-05:00  INFO 8628 --- [nexus-marketplace] [main] o.s.b.w.embedded.tomcat.TomcatWebServer  : Tomcat initialized with port 8080 (http)
2025-11-29T19:29:54.012-05:00  INFO 8628 --- [nexus-marketplace] [main] o.apache.catalina.core.StandardService   : Starting service [Tomcat]
2025-11-29T19:29:54.012-05:00  INFO 8628 --- [nexus-marketplace] [main] o.apache.catalina.core.StandardEngine    : Starting Servlet engine: [Apache Tomcat/10.1.16]
2025-11-29T19:29:54.059-05:00  INFO 8628 --- [nexus-marketplace] [main] o.a.c.c.C.[Tomcat].[localhost].[/]       : Initializing Spring embedded WebApplicationContext
2025-11-29T19:29:54.059-05:00  INFO 8628 --- [nexus-marketplace] [main] w.s.c.ServletWebServerApplicationContext : Root WebApplicationContext: initialization completed in 1070 ms
2025-11-29T19:29:54.158-05:00  INFO 8628 --- [nexus-marketplace] [main] o.hibernate.jpa.internal.util.LogHelper  : HHH000204: Processing PersistenceUnitInfo [name: default]
2025-11-29T19:29:54.202-05:00  INFO 8628 --- [nexus-marketplace] [main] org.hibernate.Version                    : HHH000412: Hibernate ORM core version 6.3.1.Final
2025-11-29T19:29:54.239-05:00  INFO 8628 --- [nexus-marketplace] [main] o.h.c.internal.RegionFactoryInitiator    : HHH000026: Second-level cache disabled
2025-11-29T19:29:54.427-05:00  INFO 8628 --- [nexus-marketplace] [main] o.s.o.j.p.SpringPersistenceUnitInfo      : No LoadTimeWeaver setup: ignoring JPA class transformer
2025-11-29T19:29:54.449-05:00  INFO 8628 --- [nexus-marketplace] [main] com.zaxxer.hikari.HikariDataSource       : HikariPool-1 - Starting...
2025-11-29T19:29:54.564-05:00  INFO 8628 --- [nexus-marketplace] [main] com.zaxxer.hikari.pool.HikariPool        : HikariPool-1 - Added connection com.mysql.cj.jdbc.ConnectionImpl@1760e594
2025-11-29T19:29:54.566-05:00  INFO 8628 --- [nexus-marketplace] [main] com.zaxxer.hikari.HikariDataSource       : HikariPool-1 - Start completed.
2025-11-29T19:29:54.584-05:00  WARN 8628 --- [nexus-marketplace] [main] org.hibernate.orm.deprecation            : HHH90000025: MySQL8Dialect does not need to be specified explicitly using 'hibernate.dialect' (remove the property setting and it will be selected by default)
2025-11-29T19:29:54.585-05:00  WARN 8628 --- [nexus-marketplace] [main] org.hibernate.orm.deprecation            : HHH90000026: MySQL8Dialect has been deprecated; use org.hibernate.dialect.MySQLDialect instead
2025-11-29T19:29:55.233-05:00  INFO 8628 --- [nexus-marketplace] [main] o.h.e.t.j.p.i.JtaPlatformInitiator       : HHH000489: No JTA platform available (set 'hibernate.transaction.jta.platform' to enable JTA platform integration)
2025-11-29T19:29:55.316-05:00  INFO 8628 --- [nexus-marketplace] [main] j.LocalContainerEntityManagerFactoryBean : Initialized JPA EntityManagerFactory for persistence unit 'default'
2025-11-29T19:29:55.591-05:00 DEBUG 8628 --- [nexus-marketplace] [main] c.n.m.security.JwtAuthenticationFilter   : Filter 'jwtAuthenticationFilter' configured for use
2025-11-29T19:29:55.693-05:00  INFO 8628 --- [nexus-marketplace] [main] o.s.d.j.r.query.QueryEnhancerFactory     : Hibernate is in classpath; If applicable, HQL parser will be used.
2025-11-29T19:29:56.361-05:00  WARN 8628 --- [nexus-marketplace] [main] JpaBaseConfiguration$JpaWebConfiguration : spring.jpa.open-in-view is enabled by default. Therefore, database queries may be performed during view rendering. Explicitly configure spring.jpa.open-in-view to disable this warning
2025-11-29T19:29:56.598-05:00  INFO 8628 --- [nexus-marketplace] [main] o.s.s.web.DefaultSecurityFilterChain     : Will secure any request with [org.springframework.security.web.session.DisableEncodeUrlFilter@46a9af36, org.springframework.security.web.context.request.async.WebAsyncManagerIntegrationFilter@3d1b97e4, org.springframework.security.web.context.SecurityContextHolderFilter@3ececd11, org.springframework.security.web.header.HeaderWriterFilter@4071aa13, org.springframework.web.filter.CorsFilter@53b3cd9b, org.springframework.security.web.authentication.logout.LogoutFilter@183a593f, com.nexus.marketplace.security.JwtAuthenticationFilter@20706e70, org.springframework.security.web.savedrequest.RequestCacheAwareFilter@62af3d4c, org.springframework.security.web.servletapi.SecurityContextHolderAwareRequestFilter@ad038f8, org.springframework.security.web.authentication.AnonymousAuthenticationFilter@4a218cc6, org.springframework.security.web.session.SessionManagementFilter@3212ff1b, org.springframework.security.web.access.ExceptionTranslationFilter@4355f7b6, org.springframework.security.web.access.intercept.AuthorizationFilter@6b82196e]
2025-11-29T19:29:56.875-05:00  INFO 8628 --- [nexus-marketplace] [main] o.s.b.w.embedded.tomcat.TomcatWebServer  : Tomcat started on port 8080 (http) with context path ''
2025-11-29T19:29:56.882-05:00  INFO 8628 --- [nexus-marketplace] [main] com.nexus.marketplace.NexusApplication   : Started NexusApplication in 4.255 seconds (process running for 4.788)
2025-11-29T19:30:08.335-05:00  INFO 8628 --- [nexus-marketplace] [http-nio-8080-exec-1] o.a.c.c.C.[Tomcat].[localhost].[/]       : Initializing Spring DispatcherServlet 'dispatcherServlet'
2025-11-29T19:30:08.336-05:00  INFO 8628 --- [nexus-marketplace] [http-nio-8080-exec-1] o.s.web.servlet.DispatcherServlet        : Initializing Servlet 'dispatcherServlet'
2025-11-29T19:30:08.337-05:00  INFO 8628 --- [nexus-marketplace] [http-nio-8080-exec-1] o.s.web.servlet.DispatcherServlet        : Completed initialization in 1 ms
2025-11-29T19:30:08.348-05:00 DEBUG 8628 --- [nexus-marketplace] [http-nio-8080-exec-1] o.s.security.web.FilterChainProxy        : Securing GET /c/games
2025-11-29T19:30:08.377-05:00 DEBUG 8628 --- [nexus-marketplace] [http-nio-8080-exec-1] o.s.s.w.a.AnonymousAuthenticationFilter  : Set SecurityContextHolder to anonymous SecurityContext
2025-11-29T19:30:08.377-05:00  WARN 8628 --- [nexus-marketplace] [http-nio-8080-exec-1] o.s.w.s.h.HandlerMappingIntrospector     : Cache miss for REQUEST dispatch to '/c/games' (previous null). Performing MatchableHandlerMapping lookup. This is logged once only at WARN level, and every time at TRACE.
2025-11-29T19:30:08.387-05:00 DEBUG 8628 --- [nexus-marketplace] [http-nio-8080-exec-1] o.s.s.w.a.Http403ForbiddenEntryPoint     : Pre-authenticated entry point called. Rejecting access
2025-11-29T19:30:08.391-05:00 DEBUG 8628 --- [nexus-marketplace] [http-nio-8080-exec-1] o.s.security.web.FilterChainProxy        : Securing GET /error
2025-11-29T19:30:08.400-05:00 DEBUG 8628 --- [nexus-marketplace] [http-nio-8080-exec-1] o.s.s.w.a.AnonymousAuthenticationFilter  : Set SecurityContextHolder to anonymous SecurityContext
2025-11-29T19:30:08.400-05:00 DEBUG 8628 --- [nexus-marketplace] [http-nio-8080-exec-1] o.s.s.w.a.Http403ForbiddenEntryPoint     : Pre-authenticated entry point called. Rejecting access
2025-11-29T19:30:08.403-05:00 DEBUG 8628 --- [nexus-marketplace] [http-nio-8080-exec-2] o.s.security.web.FilterChainProxy        : Securing GET /c/games
2025-11-29T19:30:08.404-05:00 DEBUG 8628 --- [nexus-marketplace] [http-nio-8080-exec-2] o.s.s.w.a.AnonymousAuthenticationFilter  : Set SecurityContextHolder to anonymous SecurityContext
2025-11-29T19:30:08.405-05:00 DEBUG 8628 --- [nexus-marketplace] [http-nio-8080-exec-2] o.s.s.w.a.Http403ForbiddenEntryPoint     : Pre-authenticated entry point called. Rejecting access
2025-11-29T19:30:08.406-05:00 DEBUG 8628 --- [nexus-marketplace] [http-nio-8080-exec-2] o.s.security.web.FilterChainProxy        : Securing GET /error
2025-11-29T19:30:08.407-05:00 DEBUG 8628 --- [nexus-marketplace] [http-nio-8080-exec-2] o.s.s.w.a.AnonymousAuthenticationFilter  : Set SecurityContextHolder to anonymous SecurityContext
2025-11-29T19:30:08.407-05:00 DEBUG 8628 --- [nexus-marketplace] [http-nio-8080-exec-2] o.s.s.w.a.Http403ForbiddenEntryPoint     : Pre-authenticated entry point called. Rejecting access
2025-11-29T19:31:29.556-05:00 DEBUG 8628 --- [nexus-marketplace] [http-nio-8080-exec-4] o.s.security.web.FilterChainProxy        : Securing GET /api/games
2025-11-29T19:31:29.557-05:00 DEBUG 8628 --- [nexus-marketplace] [http-nio-8080-exec-4] o.s.s.w.a.AnonymousAuthenticationFilter  : Set SecurityContextHolder to anonymous SecurityContext
2025-11-29T19:31:29.558-05:00 DEBUG 8628 --- [nexus-marketplace] [http-nio-8080-exec-4] o.s.security.web.FilterChainProxy        : Secured GET /api/games
2025-11-29T19:31:35.300-05:00 DEBUG 8628 --- [nexus-marketplace] [http-nio-8080-exec-5] o.s.security.web.FilterChainProxy        : Securing POST /api/games/import-steam
2025-11-29T19:31:35.301-05:00 DEBUG 8628 --- [nexus-marketplace] [http-nio-8080-exec-5] o.s.s.w.a.AnonymousAuthenticationFilter  : Set SecurityContextHolder to anonymous SecurityContext
2025-11-29T19:31:35.301-05:00 DEBUG 8628 --- [nexus-marketplace] [http-nio-8080-exec-5] o.s.security.web.FilterChainProxy        : Secured POST /api/games/import-steam
2025-11-29T19:31:38.639-05:00 DEBUG 8628 --- [nexus-marketplace] [http-nio-8080-exec-6] o.s.security.web.FilterChainProxy        : Securing GET /api/games
2025-11-29T19:31:38.639-05:00 DEBUG 8628 --- [nexus-marketplace] [http-nio-8080-exec-6] o.s.s.w.a.AnonymousAuthenticationFilter  : Set SecurityContextHolder to anonymous SecurityContext
2025-11-29T19:31:38.639-05:00 DEBUG 8628 --- [nexus-marketplace] [http-nio-8080-exec-6] o.s.security.web.FilterChainProxy        : Secured GET /api/games
2025-11-29T19:53:24.067-05:00 DEBUG 8628 --- [nexus-marketplace] [http-nio-8080-exec-8] o.s.security.web.FilterChainProxy        : Securing POST /api/games/import-steam
2025-11-29T19:53:24.067-05:00 DEBUG 8628 --- [nexus-marketplace] [http-nio-8080-exec-8] o.s.s.w.a.AnonymousAuthenticationFilter  : Set SecurityContextHolder to anonymous SecurityContext
2025-11-29T19:53:24.068-05:00 DEBUG 8628 --- [nexus-marketplace] [http-nio-8080-exec-8] o.s.security.web.FilterChainProxy        : Secured POST /api/games/import-steam
2025-11-29T19:53:26.712-05:00 DEBUG 8628 --- [nexus-marketplace] [http-nio-8080-exec-7] o.s.security.web.FilterChainProxy        : Securing GET /api/games
2025-11-29T19:53:26.713-05:00 DEBUG 8628 --- [nexus-marketplace] [http-nio-8080-exec-7] o.s.s.w.a.AnonymousAuthenticationFilter  : Set SecurityContextHolder to anonymous SecurityContext
2025-11-29T19:53:26.713-05:00 DEBUG 8628 --- [nexus-marketplace] [http-nio-8080-exec-7] o.s.security.web.FilterChainProxy        : Secured GET /api/games
2025-11-29T19:53:30.115-05:00 DEBUG 8628 --- [nexus-marketplace] [http-nio-8080-exec-10] o.s.security.web.FilterChainProxy        : Securing GET /c/games
2025-11-29T19:53:30.116-05:00 DEBUG 8628 --- [nexus-marketplace] [http-nio-8080-exec-10] o.s.s.w.a.AnonymousAuthenticationFilter  : Set SecurityContextHolder to anonymous SecurityContext
2025-11-29T19:53:30.118-05:00 DEBUG 8628 --- [nexus-marketplace] [http-nio-8080-exec-10] o.s.s.w.a.Http403ForbiddenEntryPoint     : Pre-authenticated entry point called. Rejecting access
2025-11-29T19:53:30.119-05:00 DEBUG 8628 --- [nexus-marketplace] [http-nio-8080-exec-10] o.s.security.web.FilterChainProxy        : Securing GET /error
2025-11-29T19:53:30.120-05:00 DEBUG 8628 --- [nexus-marketplace] [http-nio-8080-exec-10] o.s.s.w.a.AnonymousAuthenticationFilter  : Set SecurityContextHolder to anonymous SecurityContext
2025-11-29T19:53:30.120-05:00 DEBUG 8628 --- [nexus-marketplace] [http-nio-8080-exec-10] o.s.s.w.a.Http403ForbiddenEntryPoint     : Pre-authenticated entry point called. Rejecting access
2025-11-29T19:53:30.122-05:00 DEBUG 8628 --- [nexus-marketplace] [http-nio-8080-exec-1] o.s.security.web.FilterChainProxy        : Securing GET /c/games
2025-11-29T19:53:30.123-05:00 DEBUG 8628 --- [nexus-marketplace] [http-nio-8080-exec-1] o.s.s.w.a.AnonymousAuthenticationFilter  : Set SecurityContextHolder to anonymous SecurityContext
2025-11-29T19:53:30.124-05:00 DEBUG 8628 --- [nexus-marketplace] [http-nio-8080-exec-1] o.s.s.w.a.Http403ForbiddenEntryPoint     : Pre-authenticated entry point called. Rejecting access
2025-11-29T19:53:30.125-05:00 DEBUG 8628 --- [nexus-marketplace] [http-nio-8080-exec-1] o.s.security.web.FilterChainProxy        : Securing GET /error
2025-11-29T19:53:30.126-05:00 DEBUG 8628 --- [nexus-marketplace] [http-nio-8080-exec-1] o.s.s.w.a.AnonymousAuthenticationFilter  : Set SecurityContextHolder to anonymous SecurityContext
2025-11-29T19:53:30.126-05:00 DEBUG 8628 --- [nexus-marketplace] [http-nio-8080-exec-1] o.s.s.w.a.Http403ForbiddenEntryPoint     : Pre-authenticated entry point called. Rejecting access
2025-11-29T19:53:31.732-05:00 DEBUG 8628 --- [nexus-marketplace] [http-nio-8080-exec-2] o.s.security.web.FilterChainProxy        : Securing GET /c/games
2025-11-29T19:53:31.733-05:00 DEBUG 8628 --- [nexus-marketplace] [http-nio-8080-exec-2] o.s.s.w.a.AnonymousAuthenticationFilter  : Set SecurityContextHolder to anonymous SecurityContext
2025-11-29T19:53:31.735-05:00 DEBUG 8628 --- [nexus-marketplace] [http-nio-8080-exec-2] o.s.s.w.a.Http403ForbiddenEntryPoint     : Pre-authenticated entry point called. Rejecting access
2025-11-29T19:53:31.736-05:00 DEBUG 8628 --- [nexus-marketplace] [http-nio-8080-exec-2] o.s.security.web.FilterChainProxy        : Securing GET /error
2025-11-29T19:53:31.737-05:00 DEBUG 8628 --- [nexus-marketplace] [http-nio-8080-exec-2] o.s.s.w.a.AnonymousAuthenticationFilter  : Set SecurityContextHolder to anonymous SecurityContext
2025-11-29T19:53:31.737-05:00 DEBUG 8628 --- [nexus-marketplace] [http-nio-8080-exec-2] o.s.s.w.a.Http403ForbiddenEntryPoint     : Pre-authenticated entry point called. Rejecting access
2025-11-29T19:53:31.739-05:00 DEBUG 8628 --- [nexus-marketplace] [http-nio-8080-exec-3] o.s.security.web.FilterChainProxy        : Securing GET /c/games
2025-11-29T19:53:31.740-05:00 DEBUG 8628 --- [nexus-marketplace] [http-nio-8080-exec-3] o.s.s.w.a.AnonymousAuthenticationFilter  : Set SecurityContextHolder to anonymous SecurityContext
2025-11-29T19:53:31.741-05:00 DEBUG 8628 --- [nexus-marketplace] [http-nio-8080-exec-3] o.s.s.w.a.Http403ForbiddenEntryPoint     : Pre-authenticated entry point called. Rejecting access
2025-11-29T19:53:31.742-05:00 DEBUG 8628 --- [nexus-marketplace] [http-nio-8080-exec-3] o.s.security.web.FilterChainProxy        : Securing GET /error
2025-11-29T19:53:31.743-05:00 DEBUG 8628 --- [nexus-marketplace] [http-nio-8080-exec-3] o.s.s.w.a.AnonymousAuthenticationFilter  : Set SecurityContextHolder to anonymous SecurityContext
2025-11-29T19:53:31.743-05:00 DEBUG 8628 --- [nexus-marketplace] [http-nio-8080-exec-3] o.s.s.w.a.Http403ForbiddenEntryPoint     : Pre-authenticated entry point called. Rejecting access
2025-11-29T19:53:31.931-05:00 DEBUG 8628 --- [nexus-marketplace] [http-nio-8080-exec-4] o.s.security.web.FilterChainProxy        : Securing GET /c/games
2025-11-29T19:53:31.931-05:00 DEBUG 8628 --- [nexus-marketplace] [http-nio-8080-exec-4] o.s.s.w.a.AnonymousAuthenticationFilter  : Set SecurityContextHolder to anonymous SecurityContext
2025-11-29T19:53:31.932-05:00 DEBUG 8628 --- [nexus-marketplace] [http-nio-8080-exec-4] o.s.s.w.a.Http403ForbiddenEntryPoint     : Pre-authenticated entry point called. Rejecting access
2025-11-29T19:53:31.933-05:00 DEBUG 8628 --- [nexus-marketplace] [http-nio-8080-exec-4] o.s.security.web.FilterChainProxy        : Securing GET /error
2025-11-29T19:53:31.934-05:00 DEBUG 8628 --- [nexus-marketplace] [http-nio-8080-exec-4] o.s.s.w.a.AnonymousAuthenticationFilter  : Set SecurityContextHolder to anonymous SecurityContext
2025-11-29T19:53:31.934-05:00 DEBUG 8628 --- [nexus-marketplace] [http-nio-8080-exec-4] o.s.s.w.a.Http403ForbiddenEntryPoint     : Pre-authenticated entry point called. Rejecting access
2025-11-29T19:53:31.935-05:00 DEBUG 8628 --- [nexus-marketplace] [http-nio-8080-exec-5] o.s.security.web.FilterChainProxy        : Securing GET /c/games
2025-11-29T19:53:31.936-05:00 DEBUG 8628 --- [nexus-marketplace] [http-nio-8080-exec-5] o.s.s.w.a.AnonymousAuthenticationFilter  : Set SecurityContextHolder to anonymous SecurityContext
2025-11-29T19:53:31.937-05:00 DEBUG 8628 --- [nexus-marketplace] [http-nio-8080-exec-5] o.s.s.w.a.Http403ForbiddenEntryPoint     : Pre-authenticated entry point called. Rejecting access
2025-11-29T19:53:31.938-05:00 DEBUG 8628 --- [nexus-marketplace] [http-nio-8080-exec-5] o.s.security.web.FilterChainProxy        : Securing GET /error
2025-11-29T19:53:31.939-05:00 DEBUG 8628 --- [nexus-marketplace] [http-nio-8080-exec-5] o.s.s.w.a.AnonymousAuthenticationFilter  : Set SecurityContextHolder to anonymous SecurityContext
2025-11-29T19:53:31.939-05:00 DEBUG 8628 --- [nexus-marketplace] [http-nio-8080-exec-5] o.s.s.w.a.Http403ForbiddenEntryPoint     : Pre-authenticated entry point called. Rejecting access
2025-11-29T19:53:32.179-05:00 DEBUG 8628 --- [nexus-marketplace] [http-nio-8080-exec-6] o.s.security.web.FilterChainProxy        : Securing GET /c/games
2025-11-29T19:53:32.180-05:00 DEBUG 8628 --- [nexus-marketplace] [http-nio-8080-exec-6] o.s.s.w.a.AnonymousAuthenticationFilter  : Set SecurityContextHolder to anonymous SecurityContext
2025-11-29T19:53:32.181-05:00 DEBUG 8628 --- [nexus-marketplace] [http-nio-8080-exec-6] o.s.s.w.a.Http403ForbiddenEntryPoint     : Pre-authenticated entry point called. Rejecting access
2025-11-29T19:53:32.182-05:00 DEBUG 8628 --- [nexus-marketplace] [http-nio-8080-exec-6] o.s.security.web.FilterChainProxy        : Securing GET /error
2025-11-29T19:53:32.183-05:00 DEBUG 8628 --- [nexus-marketplace] [http-nio-8080-exec-6] o.s.s.w.a.AnonymousAuthenticationFilter  : Set SecurityContextHolder to anonymous SecurityContext
2025-11-29T19:53:32.183-05:00 DEBUG 8628 --- [nexus-marketplace] [http-nio-8080-exec-6] o.s.s.w.a.Http403ForbiddenEntryPoint     : Pre-authenticated entry point called. Rejecting access
2025-11-29T19:53:32.184-05:00 DEBUG 8628 --- [nexus-marketplace] [http-nio-8080-exec-8] o.s.security.web.FilterChainProxy        : Securing GET /c/games
2025-11-29T19:53:32.185-05:00 DEBUG 8628 --- [nexus-marketplace] [http-nio-8080-exec-8] o.s.s.w.a.AnonymousAuthenticationFilter  : Set SecurityContextHolder to anonymous SecurityContext
2025-11-29T19:53:32.186-05:00 DEBUG 8628 --- [nexus-marketplace] [http-nio-8080-exec-8] o.s.s.w.a.Http403ForbiddenEntryPoint     : Pre-authenticated entry point called. Rejecting access
2025-11-29T19:53:32.186-05:00 DEBUG 8628 --- [nexus-marketplace] [http-nio-8080-exec-8] o.s.security.web.FilterChainProxy        : Securing GET /error
2025-11-29T19:53:32.187-05:00 DEBUG 8628 --- [nexus-marketplace] [http-nio-8080-exec-8] o.s.s.w.a.AnonymousAuthenticationFilter  : Set SecurityContextHolder to anonymous SecurityContext
2025-11-29T19:53:32.187-05:00 DEBUG 8628 --- [nexus-marketplace] [http-nio-8080-exec-8] o.s.s.w.a.Http403ForbiddenEntryPoint     : Pre-authenticated entry point called. Rejecting access
2025-11-29T19:53:32.349-05:00 DEBUG 8628 --- [nexus-marketplace] [http-nio-8080-exec-7] o.s.security.web.FilterChainProxy        : Securing GET /c/games
2025-11-29T19:53:32.349-05:00 DEBUG 8628 --- [nexus-marketplace] [http-nio-8080-exec-7] o.s.s.w.a.AnonymousAuthenticationFilter  : Set SecurityContextHolder to anonymous SecurityContext
2025-11-29T19:53:32.350-05:00 DEBUG 8628 --- [nexus-marketplace] [http-nio-8080-exec-7] o.s.s.w.a.Http403ForbiddenEntryPoint     : Pre-authenticated entry point called. Rejecting access
2025-11-29T19:53:32.351-05:00 DEBUG 8628 --- [nexus-marketplace] [http-nio-8080-exec-7] o.s.security.web.FilterChainProxy        : Securing GET /error
2025-11-29T19:53:32.351-05:00 DEBUG 8628 --- [nexus-marketplace] [http-nio-8080-exec-7] o.s.s.w.a.AnonymousAuthenticationFilter  : Set SecurityContextHolder to anonymous SecurityContext
2025-11-29T19:53:32.352-05:00 DEBUG 8628 --- [nexus-marketplace] [http-nio-8080-exec-7] o.s.s.w.a.Http403ForbiddenEntryPoint     : Pre-authenticated entry point called. Rejecting access
2025-11-29T19:53:32.353-05:00 DEBUG 8628 --- [nexus-marketplace] [http-nio-8080-exec-9] o.s.security.web.FilterChainProxy        : Securing GET /c/games
2025-11-29T19:53:32.354-05:00 DEBUG 8628 --- [nexus-marketplace] [http-nio-8080-exec-9] o.s.s.w.a.AnonymousAuthenticationFilter  : Set SecurityContextHolder to anonymous SecurityContext
2025-11-29T19:53:32.355-05:00 DEBUG 8628 --- [nexus-marketplace] [http-nio-8080-exec-9] o.s.s.w.a.Http403ForbiddenEntryPoint     : Pre-authenticated entry point called. Rejecting access
2025-11-29T19:53:32.356-05:00 DEBUG 8628 --- [nexus-marketplace] [http-nio-8080-exec-9] o.s.security.web.FilterChainProxy        : Securing GET /error
2025-11-29T19:53:32.357-05:00 DEBUG 8628 --- [nexus-marketplace] [http-nio-8080-exec-9] o.s.s.w.a.AnonymousAuthenticationFilter  : Set SecurityContextHolder to anonymous SecurityContext
2025-11-29T19:53:32.357-05:00 DEBUG 8628 --- [nexus-marketplace] [http-nio-8080-exec-9] o.s.s.w.a.Http403ForbiddenEntryPoint     : Pre-authenticated entry point called. Rejecting access
2025-11-29T19:53:32.569-05:00 DEBUG 8628 --- [nexus-marketplace] [http-nio-8080-exec-10] o.s.security.web.FilterChainProxy        : Securing GET /c/games
2025-11-29T19:53:32.570-05:00 DEBUG 8628 --- [nexus-marketplace] [http-nio-8080-exec-10] o.s.s.w.a.AnonymousAuthenticationFilter  : Set SecurityContextHolder to anonymous SecurityContext
2025-11-29T19:53:32.571-05:00 DEBUG 8628 --- [nexus-marketplace] [http-nio-8080-exec-10] o.s.s.w.a.Http403ForbiddenEntryPoint     : Pre-authenticated entry point called. Rejecting access
2025-11-29T19:53:32.571-05:00 DEBUG 8628 --- [nexus-marketplace] [http-nio-8080-exec-10] o.s.security.web.FilterChainProxy        : Securing GET /error
2025-11-29T19:53:32.572-05:00 DEBUG 8628 --- [nexus-marketplace] [http-nio-8080-exec-10] o.s.s.w.a.AnonymousAuthenticationFilter  : Set SecurityContextHolder to anonymous SecurityContext
2025-11-29T19:53:32.572-05:00 DEBUG 8628 --- [nexus-marketplace] [http-nio-8080-exec-10] o.s.s.w.a.Http403ForbiddenEntryPoint     : Pre-authenticated entry point called. Rejecting access
2025-11-29T19:53:32.573-05:00 DEBUG 8628 --- [nexus-marketplace] [http-nio-8080-exec-1] o.s.security.web.FilterChainProxy        : Securing GET /c/games
2025-11-29T19:53:32.574-05:00 DEBUG 8628 --- [nexus-marketplace] [http-nio-8080-exec-1] o.s.s.w.a.AnonymousAuthenticationFilter  : Set SecurityContextHolder to anonymous SecurityContext
2025-11-29T19:53:32.575-05:00 DEBUG 8628 --- [nexus-marketplace] [http-nio-8080-exec-1] o.s.s.w.a.Http403ForbiddenEntryPoint     : Pre-authenticated entry point called. Rejecting access
2025-11-29T19:53:32.576-05:00 DEBUG 8628 --- [nexus-marketplace] [http-nio-8080-exec-1] o.s.security.web.FilterChainProxy        : Securing GET /error
2025-11-29T19:53:32.577-05:00 DEBUG 8628 --- [nexus-marketplace] [http-nio-8080-exec-1] o.s.s.w.a.AnonymousAuthenticationFilter  : Set SecurityContextHolder to anonymous SecurityContext
2025-11-29T19:53:32.577-05:00 DEBUG 8628 --- [nexus-marketplace] [http-nio-8080-exec-1] o.s.s.w.a.Http403ForbiddenEntryPoint     : Pre-authenticated entry point called. Rejecting access
2025-11-29T19:53:32.771-05:00 DEBUG 8628 --- [nexus-marketplace] [http-nio-8080-exec-2] o.s.security.web.FilterChainProxy        : Securing GET /c/games
2025-11-29T19:53:32.771-05:00 DEBUG 8628 --- [nexus-marketplace] [http-nio-8080-exec-2] o.s.s.w.a.AnonymousAuthenticationFilter  : Set SecurityContextHolder to anonymous SecurityContext
2025-11-29T19:53:32.772-05:00 DEBUG 8628 --- [nexus-marketplace] [http-nio-8080-exec-2] o.s.s.w.a.Http403ForbiddenEntryPoint     : Pre-authenticated entry point called. Rejecting access
2025-11-29T19:53:32.773-05:00 DEBUG 8628 --- [nexus-marketplace] [http-nio-8080-exec-2] o.s.security.web.FilterChainProxy        : Securing GET /error
2025-11-29T19:53:32.773-05:00 DEBUG 8628 --- [nexus-marketplace] [http-nio-8080-exec-2] o.s.s.w.a.AnonymousAuthenticationFilter  : Set SecurityContextHolder to anonymous SecurityContext
2025-11-29T19:53:32.773-05:00 DEBUG 8628 --- [nexus-marketplace] [http-nio-8080-exec-2] o.s.s.w.a.Http403ForbiddenEntryPoint     : Pre-authenticated entry point called. Rejecting access
2025-11-29T19:53:32.775-05:00 DEBUG 8628 --- [nexus-marketplace] [http-nio-8080-exec-3] o.s.security.web.FilterChainProxy        : Securing GET /c/games
2025-11-29T19:53:32.776-05:00 DEBUG 8628 --- [nexus-marketplace] [http-nio-8080-exec-3] o.s.s.w.a.AnonymousAuthenticationFilter  : Set SecurityContextHolder to anonymous SecurityContext
2025-11-29T19:53:32.777-05:00 DEBUG 8628 --- [nexus-marketplace] [http-nio-8080-exec-3] o.s.s.w.a.Http403ForbiddenEntryPoint     : Pre-authenticated entry point called. Rejecting access
2025-11-29T19:53:32.778-05:00 DEBUG 8628 --- [nexus-marketplace] [http-nio-8080-exec-3] o.s.security.web.FilterChainProxy        : Securing GET /error
2025-11-29T19:53:32.779-05:00 DEBUG 8628 --- [nexus-marketplace] [http-nio-8080-exec-3] o.s.s.w.a.AnonymousAuthenticationFilter  : Set SecurityContextHolder to anonymous SecurityContext
2025-11-29T19:53:32.779-05:00 DEBUG 8628 --- [nexus-marketplace] [http-nio-8080-exec-3] o.s.s.w.a.Http403ForbiddenEntryPoint     : Pre-authenticated entry point called. Rejecting access
2025-11-29T19:53:32.967-05:00 DEBUG 8628 --- [nexus-marketplace] [http-nio-8080-exec-4] o.s.security.web.FilterChainProxy        : Securing GET /c/games
2025-11-29T19:53:32.968-05:00 DEBUG 8628 --- [nexus-marketplace] [http-nio-8080-exec-4] o.s.s.w.a.AnonymousAuthenticationFilter  : Set SecurityContextHolder to anonymous SecurityContext
2025-11-29T19:53:32.969-05:00 DEBUG 8628 --- [nexus-marketplace] [http-nio-8080-exec-4] o.s.s.w.a.Http403ForbiddenEntryPoint     : Pre-authenticated entry point called. Rejecting access
2025-11-29T19:53:32.970-05:00 DEBUG 8628 --- [nexus-marketplace] [http-nio-8080-exec-4] o.s.security.web.FilterChainProxy        : Securing GET /error
2025-11-29T19:53:32.970-05:00 DEBUG 8628 --- [nexus-marketplace] [http-nio-8080-exec-4] o.s.s.w.a.AnonymousAuthenticationFilter  : Set SecurityContextHolder to anonymous SecurityContext
2025-11-29T19:53:32.971-05:00 DEBUG 8628 --- [nexus-marketplace] [http-nio-8080-exec-4] o.s.s.w.a.Http403ForbiddenEntryPoint     : Pre-authenticated entry point called. Rejecting access
2025-11-29T19:53:32.972-05:00 DEBUG 8628 --- [nexus-marketplace] [http-nio-8080-exec-5] o.s.security.web.FilterChainProxy        : Securing GET /c/games
2025-11-29T19:53:32.973-05:00 DEBUG 8628 --- [nexus-marketplace] [http-nio-8080-exec-5] o.s.s.w.a.AnonymousAuthenticationFilter  : Set SecurityContextHolder to anonymous SecurityContext
2025-11-29T19:53:32.975-05:00 DEBUG 8628 --- [nexus-marketplace] [http-nio-8080-exec-5] o.s.s.w.a.Http403ForbiddenEntryPoint     : Pre-authenticated entry point called. Rejecting access
2025-11-29T19:53:32.975-05:00 DEBUG 8628 --- [nexus-marketplace] [http-nio-8080-exec-5] o.s.security.web.FilterChainProxy        : Securing GET /error
2025-11-29T19:53:32.977-05:00 DEBUG 8628 --- [nexus-marketplace] [http-nio-8080-exec-5] o.s.s.w.a.AnonymousAuthenticationFilter  : Set SecurityContextHolder to anonymous SecurityContext
2025-11-29T19:53:32.978-05:00 DEBUG 8628 --- [nexus-marketplace] [http-nio-8080-exec-5] o.s.s.w.a.Http403ForbiddenEntryPoint     : Pre-authenticated entry point called. Rejecting access
2025-11-29T19:53:33.172-05:00 DEBUG 8628 --- [nexus-marketplace] [http-nio-8080-exec-6] o.s.security.web.FilterChainProxy        : Securing GET /c/games
2025-11-29T19:53:33.173-05:00 DEBUG 8628 --- [nexus-marketplace] [http-nio-8080-exec-6] o.s.s.w.a.AnonymousAuthenticationFilter  : Set SecurityContextHolder to anonymous SecurityContext
2025-11-29T19:53:33.174-05:00 DEBUG 8628 --- [nexus-marketplace] [http-nio-8080-exec-6] o.s.s.w.a.Http403ForbiddenEntryPoint     : Pre-authenticated entry point called. Rejecting access
2025-11-29T19:53:33.174-05:00 DEBUG 8628 --- [nexus-marketplace] [http-nio-8080-exec-6] o.s.security.web.FilterChainProxy        : Securing GET /error
2025-11-29T19:53:33.174-05:00 DEBUG 8628 --- [nexus-marketplace] [http-nio-8080-exec-6] o.s.s.w.a.AnonymousAuthenticationFilter  : Set SecurityContextHolder to anonymous SecurityContext
2025-11-29T19:53:33.175-05:00 DEBUG 8628 --- [nexus-marketplace] [http-nio-8080-exec-6] o.s.s.w.a.Http403ForbiddenEntryPoint     : Pre-authenticated entry point called. Rejecting access
2025-11-29T19:53:33.176-05:00 DEBUG 8628 --- [nexus-marketplace] [http-nio-8080-exec-8] o.s.security.web.FilterChainProxy        : Securing GET /c/games
2025-11-29T19:53:33.176-05:00 DEBUG 8628 --- [nexus-marketplace] [http-nio-8080-exec-8] o.s.s.w.a.AnonymousAuthenticationFilter  : Set SecurityContextHolder to anonymous SecurityContext
2025-11-29T19:53:33.177-05:00 DEBUG 8628 --- [nexus-marketplace] [http-nio-8080-exec-8] o.s.s.w.a.Http403ForbiddenEntryPoint     : Pre-authenticated entry point called. Rejecting access
2025-11-29T19:53:33.178-05:00 DEBUG 8628 --- [nexus-marketplace] [http-nio-8080-exec-8] o.s.security.web.FilterChainProxy        : Securing GET /error
2025-11-29T19:53:33.178-05:00 DEBUG 8628 --- [nexus-marketplace] [http-nio-8080-exec-8] o.s.s.w.a.AnonymousAuthenticationFilter  : Set SecurityContextHolder to anonymous SecurityContext
2025-11-29T19:53:33.179-05:00 DEBUG 8628 --- [nexus-marketplace] [http-nio-8080-exec-8] o.s.s.w.a.Http403ForbiddenEntryPoint     : Pre-authenticated entry point called. Rejecting access
2025-11-29T19:54:36.344-05:00 DEBUG 8628 --- [nexus-marketplace] [http-nio-8080-exec-10] o.s.security.web.FilterChainProxy        : Securing GET /c/games
2025-11-29T19:54:36.345-05:00 DEBUG 8628 --- [nexus-marketplace] [http-nio-8080-exec-10] o.s.s.w.a.AnonymousAuthenticationFilter  : Set SecurityContextHolder to anonymous SecurityContext
2025-11-29T19:54:36.346-05:00 DEBUG 8628 --- [nexus-marketplace] [http-nio-8080-exec-10] o.s.s.w.a.Http403ForbiddenEntryPoint     : Pre-authenticated entry point called. Rejecting access
2025-11-29T19:54:36.347-05:00 DEBUG 8628 --- [nexus-marketplace] [http-nio-8080-exec-10] o.s.security.web.FilterChainProxy        : Securing GET /error
2025-11-29T19:54:36.347-05:00 DEBUG 8628 --- [nexus-marketplace] [http-nio-8080-exec-10] o.s.s.w.a.AnonymousAuthenticationFilter  : Set SecurityContextHolder to anonymous SecurityContext
2025-11-29T19:54:36.347-05:00 DEBUG 8628 --- [nexus-marketplace] [http-nio-8080-exec-10] o.s.s.w.a.Http403ForbiddenEntryPoint     : Pre-authenticated entry point called. Rejecting access
2025-11-29T19:54:41.879-05:00 DEBUG 8628 --- [nexus-marketplace] [http-nio-8080-exec-1] o.s.security.web.FilterChainProxy        : Securing GET /c/games
2025-11-29T19:54:41.880-05:00 DEBUG 8628 --- [nexus-marketplace] [http-nio-8080-exec-1] o.s.s.w.a.AnonymousAuthenticationFilter  : Set SecurityContextHolder to anonymous SecurityContext
2025-11-29T19:54:41.881-05:00 DEBUG 8628 --- [nexus-marketplace] [http-nio-8080-exec-1] o.s.s.w.a.Http403ForbiddenEntryPoint     : Pre-authenticated entry point called. Rejecting access
2025-11-29T19:54:41.881-05:00 DEBUG 8628 --- [nexus-marketplace] [http-nio-8080-exec-1] o.s.security.web.FilterChainProxy        : Securing GET /error
2025-11-29T19:54:41.882-05:00 DEBUG 8628 --- [nexus-marketplace] [http-nio-8080-exec-1] o.s.s.w.a.AnonymousAuthenticationFilter  : Set SecurityContextHolder to anonymous SecurityContext
2025-11-29T19:54:41.882-05:00 DEBUG 8628 --- [nexus-marketplace] [http-nio-8080-exec-1] o.s.s.w.a.Http403ForbiddenEntryPoint     : Pre-authenticated entry point called. Rejecting access
2025-11-29T19:55:35.496-05:00  INFO 8628 --- [nexus-marketplace] [SpringApplicationShutdownHook] j.LocalContainerEntityManagerFactoryBean : Closing JPA EntityManagerFactory for persistence unit 'default'
2025-11-29T19:55:35.500-05:00  INFO 8628 --- [nexus-marketplace] [SpringApplicationShutdownHook] com.zaxxer.hikari.HikariDataSource       : HikariPool-1 - Shutdown initiated...
2025-11-29T19:55:35.508-05:00  INFO 8628 --- [nexus-marketplace] [SpringApplicationShutdownHook] com.zaxxer.hikari.HikariDataSource       : HikariPool-1 - Shutdown completed.
2025-11-29T19:55:37.683-05:00  INFO 19328 --- [nexus-marketplace] [main] com.nexus.marketplace.NexusApplication   : Starting NexusApplication using Java 21.0.8 with PID 19328 (C:\Users\carlo\OneDrive\Desktop\Nexus-Integrador\Nexus-Integrador\nexus\target\classes started by carlo in C:\Users\carlo\OneDrive\Desktop\Nexus-Integrador\Nexus-Integrador\nexus)
2025-11-29T19:55:37.684-05:00 DEBUG 19328 --- [nexus-marketplace] [main] com.nexus.marketplace.NexusApplication   : Running with Spring Boot v3.2.0, Spring v6.1.1
2025-11-29T19:55:37.685-05:00  INFO 19328 --- [nexus-marketplace] [main] com.nexus.marketplace.NexusApplication   : No active profile set, falling back to 1 default profile: "default"
2025-11-29T19:55:38.279-05:00  INFO 19328 --- [nexus-marketplace] [main] .s.d.r.c.RepositoryConfigurationDelegate : Bootstrapping Spring Data JPA repositories in DEFAULT mode.
2025-11-29T19:55:38.326-05:00  INFO 19328 --- [nexus-marketplace] [main] .s.d.r.c.RepositoryConfigurationDelegate : Finished Spring Data repository scanning in 41 ms. Found 2 JPA repository interfaces.
2025-11-29T19:55:38.748-05:00  INFO 19328 --- [nexus-marketplace] [main] o.s.b.w.embedded.tomcat.TomcatWebServer  : Tomcat initialized with port 8080 (http)
2025-11-29T19:55:38.755-05:00  INFO 19328 --- [nexus-marketplace] [main] o.apache.catalina.core.StandardService   : Starting service [Tomcat]
2025-11-29T19:55:38.755-05:00  INFO 19328 --- [nexus-marketplace] [main] o.apache.catalina.core.StandardEngine    : Starting Servlet engine: [Apache Tomcat/10.1.16]
2025-11-29T19:55:38.803-05:00  INFO 19328 --- [nexus-marketplace] [main] o.a.c.c.C.[Tomcat].[localhost].[/]       : Initializing Spring embedded WebApplicationContext
2025-11-29T19:55:38.803-05:00  INFO 19328 --- [nexus-marketplace] [main] w.s.c.ServletWebServerApplicationContext : Root WebApplicationContext: initialization completed in 1088 ms
2025-11-29T19:55:38.902-05:00  INFO 19328 --- [nexus-marketplace] [main] o.hibernate.jpa.internal.util.LogHelper  : HHH000204: Processing PersistenceUnitInfo [name: default]
2025-11-29T19:55:38.947-05:00  INFO 19328 --- [nexus-marketplace] [main] org.hibernate.Version                    : HHH000412: Hibernate ORM core version 6.3.1.Final
2025-11-29T19:55:38.974-05:00  INFO 19328 --- [nexus-marketplace] [main] o.h.c.internal.RegionFactoryInitiator    : HHH000026: Second-level cache disabled
2025-11-29T19:55:39.175-05:00  INFO 19328 --- [nexus-marketplace] [main] o.s.o.j.p.SpringPersistenceUnitInfo      : No LoadTimeWeaver setup: ignoring JPA class transformer
2025-11-29T19:55:39.197-05:00  INFO 19328 --- [nexus-marketplace] [main] com.zaxxer.hikari.HikariDataSource       : HikariPool-1 - Starting...
2025-11-29T19:55:39.312-05:00  INFO 19328 --- [nexus-marketplace] [main] com.zaxxer.hikari.pool.HikariPool        : HikariPool-1 - Added connection com.mysql.cj.jdbc.ConnectionImpl@6e981e78
2025-11-29T19:55:39.313-05:00  INFO 19328 --- [nexus-marketplace] [main] com.zaxxer.hikari.HikariDataSource       : HikariPool-1 - Start completed.
2025-11-29T19:55:39.331-05:00  WARN 19328 --- [nexus-marketplace] [main] org.hibernate.orm.deprecation            : HHH90000025: MySQL8Dialect does not need to be specified explicitly using 'hibernate.dialect' (remove the property setting and it will be selected by default)
2025-11-29T19:55:39.332-05:00  WARN 19328 --- [nexus-marketplace] [main] org.hibernate.orm.deprecation            : HHH90000026: MySQL8Dialect has been deprecated; use org.hibernate.dialect.MySQLDialect instead
2025-11-29T19:55:40.023-05:00  INFO 19328 --- [nexus-marketplace] [main] o.h.e.t.j.p.i.JtaPlatformInitiator       : HHH000489: No JTA platform available (set 'hibernate.transaction.jta.platform' to enable JTA platform integration)
2025-11-29T19:55:40.097-05:00  INFO 19328 --- [nexus-marketplace] [main] j.LocalContainerEntityManagerFactoryBean : Initialized JPA EntityManagerFactory for persistence unit 'default'
2025-11-29T19:55:40.392-05:00 DEBUG 19328 --- [nexus-marketplace] [main] c.n.m.security.JwtAuthenticationFilter   : Filter 'jwtAuthenticationFilter' configured for use
2025-11-29T19:55:40.496-05:00  INFO 19328 --- [nexus-marketplace] [main] o.s.d.j.r.query.QueryEnhancerFactory     : Hibernate is in classpath; If applicable, HQL parser will be used.
2025-11-29T19:55:41.176-05:00  WARN 19328 --- [nexus-marketplace] [main] JpaBaseConfiguration$JpaWebConfiguration : spring.jpa.open-in-view is enabled by default. Therefore, database queries may be performed during view rendering. Explicitly configure spring.jpa.open-in-view to disable this warning
2025-11-29T19:55:41.428-05:00  INFO 19328 --- [nexus-marketplace] [main] o.s.s.web.DefaultSecurityFilterChain     : Will secure any request with [org.springframework.security.web.session.DisableEncodeUrlFilter@4dd139e0, org.springframework.security.web.context.request.async.WebAsyncManagerIntegrationFilter@4f63343b, org.springframework.security.web.context.SecurityContextHolderFilter@33d95295, org.springframework.security.web.header.HeaderWriterFilter@4e5c1817, org.springframework.web.filter.CorsFilter@4dce4286, org.springframework.security.web.authentication.logout.LogoutFilter@70aebcee, com.nexus.marketplace.security.JwtAuthenticationFilter@2e667e95, org.springframework.security.web.savedrequest.RequestCacheAwareFilter@6c173587, org.springframework.security.web.servletapi.SecurityContextHolderAwareRequestFilter@3212ff1b, org.springframework.security.web.authentication.AnonymousAuthenticationFilter@6b82196e, org.springframework.security.web.session.SessionManagementFilter@fec48ec, org.springframework.security.web.access.ExceptionTranslationFilter@5cd549ae, org.springframework.security.web.access.intercept.AuthorizationFilter@32561cd5]
2025-11-29T19:55:41.705-05:00  INFO 19328 --- [nexus-marketplace] [main] o.s.b.w.embedded.tomcat.TomcatWebServer  : Tomcat started on port 8080 (http) with context path ''
2025-11-29T19:55:41.711-05:00  INFO 19328 --- [nexus-marketplace] [main] com.nexus.marketplace.NexusApplication   : Started NexusApplication in 4.353 seconds (process running for 5.031)
2025-11-29T19:55:46.618-05:00  INFO 19328 --- [nexus-marketplace] [http-nio-8080-exec-2] o.a.c.c.C.[Tomcat].[localhost].[/]       : Initializing Spring DispatcherServlet 'dispatcherServlet'
2025-11-29T19:55:46.619-05:00  INFO 19328 --- [nexus-marketplace] [http-nio-8080-exec-2] o.s.web.servlet.DispatcherServlet        : Initializing Servlet 'dispatcherServlet'
2025-11-29T19:55:46.620-05:00  INFO 19328 --- [nexus-marketplace] [http-nio-8080-exec-2] o.s.web.servlet.DispatcherServlet        : Completed initialization in 1 ms
2025-11-29T19:55:46.626-05:00 DEBUG 19328 --- [nexus-marketplace] [http-nio-8080-exec-2] o.s.security.web.FilterChainProxy        : Securing GET /c/games
2025-11-29T19:55:46.650-05:00 DEBUG 19328 --- [nexus-marketplace] [http-nio-8080-exec-2] o.s.s.w.a.AnonymousAuthenticationFilter  : Set SecurityContextHolder to anonymous SecurityContext
2025-11-29T19:55:46.652-05:00  WARN 19328 --- [nexus-marketplace] [http-nio-8080-exec-2] o.s.w.s.h.HandlerMappingIntrospector     : Cache miss for REQUEST dispatch to '/c/games' (previous null). Performing MatchableHandlerMapping lookup. This is logged once only at WARN level, and every time at TRACE.
2025-11-29T19:55:46.663-05:00 DEBUG 19328 --- [nexus-marketplace] [http-nio-8080-exec-2] o.s.s.w.a.Http403ForbiddenEntryPoint     : Pre-authenticated entry point called. Rejecting access
2025-11-29T19:55:46.668-05:00 DEBUG 19328 --- [nexus-marketplace] [http-nio-8080-exec-2] o.s.security.web.FilterChainProxy        : Securing GET /error
2025-11-29T19:55:46.678-05:00 DEBUG 19328 --- [nexus-marketplace] [http-nio-8080-exec-2] o.s.s.w.a.AnonymousAuthenticationFilter  : Set SecurityContextHolder to anonymous SecurityContext
2025-11-29T19:55:46.678-05:00 DEBUG 19328 --- [nexus-marketplace] [http-nio-8080-exec-2] o.s.s.w.a.Http403ForbiddenEntryPoint     : Pre-authenticated entry point called. Rejecting access
2025-11-29T19:55:46.682-05:00 DEBUG 19328 --- [nexus-marketplace] [http-nio-8080-exec-1] o.s.security.web.FilterChainProxy        : Securing GET /c/games
2025-11-29T19:55:46.683-05:00 DEBUG 19328 --- [nexus-marketplace] [http-nio-8080-exec-1] o.s.s.w.a.AnonymousAuthenticationFilter  : Set SecurityContextHolder to anonymous SecurityContext
2025-11-29T19:55:46.685-05:00 DEBUG 19328 --- [nexus-marketplace] [http-nio-8080-exec-1] o.s.s.w.a.Http403ForbiddenEntryPoint     : Pre-authenticated entry point called. Rejecting access
2025-11-29T19:55:46.686-05:00 DEBUG 19328 --- [nexus-marketplace] [http-nio-8080-exec-1] o.s.security.web.FilterChainProxy        : Securing GET /error
2025-11-29T19:55:46.687-05:00 DEBUG 19328 --- [nexus-marketplace] [http-nio-8080-exec-1] o.s.s.w.a.AnonymousAuthenticationFilter  : Set SecurityContextHolder to anonymous SecurityContext
2025-11-29T19:55:46.688-05:00 DEBUG 19328 --- [nexus-marketplace] [http-nio-8080-exec-1] o.s.s.w.a.Http403ForbiddenEntryPoint     : Pre-authenticated entry point called. Rejecting access
2025-11-29T19:55:47.778-05:00 DEBUG 19328 --- [nexus-marketplace] [http-nio-8080-exec-3] o.s.security.web.FilterChainProxy        : Securing GET /c/games
2025-11-29T19:55:47.779-05:00 DEBUG 19328 --- [nexus-marketplace] [http-nio-8080-exec-3] o.s.s.w.a.AnonymousAuthenticationFilter  : Set SecurityContextHolder to anonymous SecurityContext
2025-11-29T19:55:47.781-05:00 DEBUG 19328 --- [nexus-marketplace] [http-nio-8080-exec-3] o.s.s.w.a.Http403ForbiddenEntryPoint     : Pre-authenticated entry point called. Rejecting access
2025-11-29T19:55:47.782-05:00 DEBUG 19328 --- [nexus-marketplace] [http-nio-8080-exec-3] o.s.security.web.FilterChainProxy        : Securing GET /error
2025-11-29T19:55:47.783-05:00 DEBUG 19328 --- [nexus-marketplace] [http-nio-8080-exec-3] o.s.s.w.a.AnonymousAuthenticationFilter  : Set SecurityContextHolder to anonymous SecurityContext
2025-11-29T19:55:47.783-05:00 DEBUG 19328 --- [nexus-marketplace] [http-nio-8080-exec-3] o.s.s.w.a.Http403ForbiddenEntryPoint     : Pre-authenticated entry point called. Rejecting access
2025-11-29T19:55:47.790-05:00 DEBUG 19328 --- [nexus-marketplace] [http-nio-8080-exec-4] o.s.security.web.FilterChainProxy        : Securing GET /c/games
2025-11-29T19:55:47.791-05:00 DEBUG 19328 --- [nexus-marketplace] [http-nio-8080-exec-4] o.s.s.w.a.AnonymousAuthenticationFilter  : Set SecurityContextHolder to anonymous SecurityContext
2025-11-29T19:55:47.794-05:00 DEBUG 19328 --- [nexus-marketplace] [http-nio-8080-exec-4] o.s.s.w.a.Http403ForbiddenEntryPoint     : Pre-authenticated entry point called. Rejecting access
2025-11-29T19:55:47.794-05:00 DEBUG 19328 --- [nexus-marketplace] [http-nio-8080-exec-4] o.s.security.web.FilterChainProxy        : Securing GET /error
2025-11-29T19:55:47.795-05:00 DEBUG 19328 --- [nexus-marketplace] [http-nio-8080-exec-4] o.s.s.w.a.AnonymousAuthenticationFilter  : Set SecurityContextHolder to anonymous SecurityContext
2025-11-29T19:55:47.795-05:00 DEBUG 19328 --- [nexus-marketplace] [http-nio-8080-exec-4] o.s.s.w.a.Http403ForbiddenEntryPoint     : Pre-authenticated entry point called. Rejecting access
2025-11-29T19:57:21.038-05:00 DEBUG 19328 --- [nexus-marketplace] [http-nio-8080-exec-7] o.s.security.web.FilterChainProxy        : Securing GET /c/games
2025-11-29T19:57:21.039-05:00 DEBUG 19328 --- [nexus-marketplace] [http-nio-8080-exec-7] o.s.s.w.a.AnonymousAuthenticationFilter  : Set SecurityContextHolder to anonymous SecurityContext
2025-11-29T19:57:21.040-05:00 DEBUG 19328 --- [nexus-marketplace] [http-nio-8080-exec-7] o.s.s.w.a.Http403ForbiddenEntryPoint     : Pre-authenticated entry point called. Rejecting access
2025-11-29T19:57:21.041-05:00 DEBUG 19328 --- [nexus-marketplace] [http-nio-8080-exec-7] o.s.security.web.FilterChainProxy        : Securing GET /error
2025-11-29T19:57:21.042-05:00 DEBUG 19328 --- [nexus-marketplace] [http-nio-8080-exec-7] o.s.s.w.a.AnonymousAuthenticationFilter  : Set SecurityContextHolder to anonymous SecurityContext
2025-11-29T19:57:21.042-05:00 DEBUG 19328 --- [nexus-marketplace] [http-nio-8080-exec-7] o.s.s.w.a.Http403ForbiddenEntryPoint     : Pre-authenticated entry point called. Rejecting access
2025-11-29T19:57:21.044-05:00 DEBUG 19328 --- [nexus-marketplace] [http-nio-8080-exec-8] o.s.security.web.FilterChainProxy        : Securing GET /c/games
2025-11-29T19:57:21.045-05:00 DEBUG 19328 --- [nexus-marketplace] [http-nio-8080-exec-8] o.s.s.w.a.AnonymousAuthenticationFilter  : Set SecurityContextHolder to anonymous SecurityContext
2025-11-29T19:57:21.046-05:00 DEBUG 19328 --- [nexus-marketplace] [http-nio-8080-exec-8] o.s.s.w.a.Http403ForbiddenEntryPoint     : Pre-authenticated entry point called. Rejecting access
2025-11-29T19:57:21.046-05:00 DEBUG 19328 --- [nexus-marketplace] [http-nio-8080-exec-8] o.s.security.web.FilterChainProxy        : Securing GET /error
2025-11-29T19:57:21.047-05:00 DEBUG 19328 --- [nexus-marketplace] [http-nio-8080-exec-8] o.s.s.w.a.AnonymousAuthenticationFilter  : Set SecurityContextHolder to anonymous SecurityContext
2025-11-29T19:57:21.047-05:00 DEBUG 19328 --- [nexus-marketplace] [http-nio-8080-exec-8] o.s.s.w.a.Http403ForbiddenEntryPoint     : Pre-authenticated entry point called. Rejecting access
2025-11-29T20:01:49.838-05:00 DEBUG 19328 --- [nexus-marketplace] [http-nio-8080-exec-2] o.s.security.web.FilterChainProxy        : Securing GET /c/games
2025-11-29T20:01:49.839-05:00 DEBUG 19328 --- [nexus-marketplace] [http-nio-8080-exec-2] o.s.s.w.a.AnonymousAuthenticationFilter  : Set SecurityContextHolder to anonymous SecurityContext
2025-11-29T20:01:49.840-05:00 DEBUG 19328 --- [nexus-marketplace] [http-nio-8080-exec-2] o.s.s.w.a.Http403ForbiddenEntryPoint     : Pre-authenticated entry point called. Rejecting access
2025-11-29T20:01:49.841-05:00 DEBUG 19328 --- [nexus-marketplace] [http-nio-8080-exec-2] o.s.security.web.FilterChainProxy        : Securing GET /error
2025-11-29T20:01:49.842-05:00 DEBUG 19328 --- [nexus-marketplace] [http-nio-8080-exec-2] o.s.s.w.a.AnonymousAuthenticationFilter  : Set SecurityContextHolder to anonymous SecurityContext
2025-11-29T20:01:49.842-05:00 DEBUG 19328 --- [nexus-marketplace] [http-nio-8080-exec-2] o.s.s.w.a.Http403ForbiddenEntryPoint     : Pre-authenticated entry point called. Rejecting access
2025-11-29T20:01:49.845-05:00 DEBUG 19328 --- [nexus-marketplace] [http-nio-8080-exec-1] o.s.security.web.FilterChainProxy        : Securing GET /c/games
2025-11-29T20:01:49.845-05:00 DEBUG 19328 --- [nexus-marketplace] [http-nio-8080-exec-1] o.s.s.w.a.AnonymousAuthenticationFilter  : Set SecurityContextHolder to anonymous SecurityContext
2025-11-29T20:01:49.847-05:00 DEBUG 19328 --- [nexus-marketplace] [http-nio-8080-exec-1] o.s.s.w.a.Http403ForbiddenEntryPoint     : Pre-authenticated entry point called. Rejecting access
2025-11-29T20:01:49.848-05:00 DEBUG 19328 --- [nexus-marketplace] [http-nio-8080-exec-1] o.s.security.web.FilterChainProxy        : Securing GET /error
2025-11-29T20:01:49.849-05:00 DEBUG 19328 --- [nexus-marketplace] [http-nio-8080-exec-1] o.s.s.w.a.AnonymousAuthenticationFilter  : Set SecurityContextHolder to anonymous SecurityContext
2025-11-29T20:01:49.850-05:00 DEBUG 19328 --- [nexus-marketplace] [http-nio-8080-exec-1] o.s.s.w.a.Http403ForbiddenEntryPoint     : Pre-authenticated entry point called. Rejecting access
2025-11-29T20:06:42.330-05:00 DEBUG 19328 --- [nexus-marketplace] [http-nio-8080-exec-6] o.s.security.web.FilterChainProxy        : Securing GET /c/games
2025-11-29T20:06:42.330-05:00 DEBUG 19328 --- [nexus-marketplace] [http-nio-8080-exec-6] o.s.s.w.a.AnonymousAuthenticationFilter  : Set SecurityContextHolder to anonymous SecurityContext
2025-11-29T20:06:42.331-05:00 DEBUG 19328 --- [nexus-marketplace] [http-nio-8080-exec-6] o.s.s.w.a.Http403ForbiddenEntryPoint     : Pre-authenticated entry point called. Rejecting access
2025-11-29T20:06:42.331-05:00 DEBUG 19328 --- [nexus-marketplace] [http-nio-8080-exec-6] o.s.security.web.FilterChainProxy        : Securing GET /error
2025-11-29T20:06:42.332-05:00 DEBUG 19328 --- [nexus-marketplace] [http-nio-8080-exec-6] o.s.s.w.a.AnonymousAuthenticationFilter  : Set SecurityContextHolder to anonymous SecurityContext
2025-11-29T20:06:42.332-05:00 DEBUG 19328 --- [nexus-marketplace] [http-nio-8080-exec-6] o.s.s.w.a.Http403ForbiddenEntryPoint     : Pre-authenticated entry point called. Rejecting access
2025-11-29T20:06:42.335-05:00 DEBUG 19328 --- [nexus-marketplace] [http-nio-8080-exec-5] o.s.security.web.FilterChainProxy        : Securing GET /c/games
2025-11-29T20:06:42.335-05:00 DEBUG 19328 --- [nexus-marketplace] [http-nio-8080-exec-5] o.s.s.w.a.AnonymousAuthenticationFilter  : Set SecurityContextHolder to anonymous SecurityContext
2025-11-29T20:06:42.336-05:00 DEBUG 19328 --- [nexus-marketplace] [http-nio-8080-exec-5] o.s.s.w.a.Http403ForbiddenEntryPoint     : Pre-authenticated entry point called. Rejecting access
2025-11-29T20:06:42.337-05:00 DEBUG 19328 --- [nexus-marketplace] [http-nio-8080-exec-5] o.s.security.web.FilterChainProxy        : Securing GET /error
2025-11-29T20:06:42.338-05:00 DEBUG 19328 --- [nexus-marketplace] [http-nio-8080-exec-5] o.s.s.w.a.AnonymousAuthenticationFilter  : Set SecurityContextHolder to anonymous SecurityContext
2025-11-29T20:06:42.338-05:00 DEBUG 19328 --- [nexus-marketplace] [http-nio-8080-exec-5] o.s.s.w.a.Http403ForbiddenEntryPoint     : Pre-authenticated entry point called. Rejecting access
2025-11-29T20:07:56.405-05:00 DEBUG 19328 --- [nexus-marketplace] [http-nio-8080-exec-9] o.s.security.web.FilterChainProxy        : Securing GET /c/games
2025-11-29T20:07:56.406-05:00 DEBUG 19328 --- [nexus-marketplace] [http-nio-8080-exec-9] o.s.s.w.a.AnonymousAuthenticationFilter  : Set SecurityContextHolder to anonymous SecurityContext
2025-11-29T20:07:56.407-05:00 DEBUG 19328 --- [nexus-marketplace] [http-nio-8080-exec-9] o.s.s.w.a.Http403ForbiddenEntryPoint     : Pre-authenticated entry point called. Rejecting access
2025-11-29T20:07:56.408-05:00 DEBUG 19328 --- [nexus-marketplace] [http-nio-8080-exec-9] o.s.security.web.FilterChainProxy        : Securing GET /error
2025-11-29T20:07:56.411-05:00 DEBUG 19328 --- [nexus-marketplace] [http-nio-8080-exec-9] o.s.s.w.a.AnonymousAuthenticationFilter  : Set SecurityContextHolder to anonymous SecurityContext
2025-11-29T20:07:56.411-05:00 DEBUG 19328 --- [nexus-marketplace] [http-nio-8080-exec-9] o.s.s.w.a.Http403ForbiddenEntryPoint     : Pre-authenticated entry point called. Rejecting access
2025-11-29T20:07:56.414-05:00 DEBUG 19328 --- [nexus-marketplace] [http-nio-8080-exec-10] o.s.security.web.FilterChainProxy        : Securing GET /c/games
2025-11-29T20:07:56.415-05:00 DEBUG 19328 --- [nexus-marketplace] [http-nio-8080-exec-10] o.s.s.w.a.AnonymousAuthenticationFilter  : Set SecurityContextHolder to anonymous SecurityContext
2025-11-29T20:07:56.416-05:00 DEBUG 19328 --- [nexus-marketplace] [http-nio-8080-exec-10] o.s.s.w.a.Http403ForbiddenEntryPoint     : Pre-authenticated entry point called. Rejecting access
2025-11-29T20:07:56.417-05:00 DEBUG 19328 --- [nexus-marketplace] [http-nio-8080-exec-10] o.s.security.web.FilterChainProxy        : Securing GET /error
2025-11-29T20:07:56.419-05:00 DEBUG 19328 --- [nexus-marketplace] [http-nio-8080-exec-10] o.s.s.w.a.AnonymousAuthenticationFilter  : Set SecurityContextHolder to anonymous SecurityContext
2025-11-29T20:07:56.419-05:00 DEBUG 19328 --- [nexus-marketplace] [http-nio-8080-exec-10] o.s.s.w.a.Http403ForbiddenEntryPoint     : Pre-authenticated entry point called. Rejecting access
2025-11-29T20:07:57.182-05:00 DEBUG 19328 --- [nexus-marketplace] [http-nio-8080-exec-2] o.s.security.web.FilterChainProxy        : Securing GET /c/games
2025-11-29T20:07:57.183-05:00 DEBUG 19328 --- [nexus-marketplace] [http-nio-8080-exec-2] o.s.s.w.a.AnonymousAuthenticationFilter  : Set SecurityContextHolder to anonymous SecurityContext
2025-11-29T20:07:57.184-05:00 DEBUG 19328 --- [nexus-marketplace] [http-nio-8080-exec-2] o.s.s.w.a.Http403ForbiddenEntryPoint     : Pre-authenticated entry point called. Rejecting access
2025-11-29T20:07:57.184-05:00 DEBUG 19328 --- [nexus-marketplace] [http-nio-8080-exec-2] o.s.security.web.FilterChainProxy        : Securing GET /error
2025-11-29T20:07:57.185-05:00 DEBUG 19328 --- [nexus-marketplace] [http-nio-8080-exec-2] o.s.s.w.a.AnonymousAuthenticationFilter  : Set SecurityContextHolder to anonymous SecurityContext
2025-11-29T20:07:57.186-05:00 DEBUG 19328 --- [nexus-marketplace] [http-nio-8080-exec-2] o.s.s.w.a.Http403ForbiddenEntryPoint     : Pre-authenticated entry point called. Rejecting access
2025-11-29T20:07:57.187-05:00 DEBUG 19328 --- [nexus-marketplace] [http-nio-8080-exec-1] o.s.security.web.FilterChainProxy        : Securing GET /c/games
2025-11-29T20:07:57.188-05:00 DEBUG 19328 --- [nexus-marketplace] [http-nio-8080-exec-1] o.s.s.w.a.AnonymousAuthenticationFilter  : Set SecurityContextHolder to anonymous SecurityContext
2025-11-29T20:07:57.189-05:00 DEBUG 19328 --- [nexus-marketplace] [http-nio-8080-exec-1] o.s.s.w.a.Http403ForbiddenEntryPoint     : Pre-authenticated entry point called. Rejecting access
2025-11-29T20:07:57.189-05:00 DEBUG 19328 --- [nexus-marketplace] [http-nio-8080-exec-1] o.s.security.web.FilterChainProxy        : Securing GET /error
2025-11-29T20:07:57.190-05:00 DEBUG 19328 --- [nexus-marketplace] [http-nio-8080-exec-1] o.s.s.w.a.AnonymousAuthenticationFilter  : Set SecurityContextHolder to anonymous SecurityContext
2025-11-29T20:07:57.190-05:00 DEBUG 19328 --- [nexus-marketplace] [http-nio-8080-exec-1] o.s.s.w.a.Http403ForbiddenEntryPoint     : Pre-authenticated entry point called. Rejecting access
2025-11-29T20:07:59.558-05:00 DEBUG 19328 --- [nexus-marketplace] [http-nio-8080-exec-4] o.s.security.web.FilterChainProxy        : Securing GET /c/games
2025-11-29T20:07:59.558-05:00 DEBUG 19328 --- [nexus-marketplace] [http-nio-8080-exec-4] o.s.s.w.a.AnonymousAuthenticationFilter  : Set SecurityContextHolder to anonymous SecurityContext
2025-11-29T20:07:59.559-05:00 DEBUG 19328 --- [nexus-marketplace] [http-nio-8080-exec-4] o.s.s.w.a.Http403ForbiddenEntryPoint     : Pre-authenticated entry point called. Rejecting access
2025-11-29T20:07:59.560-05:00 DEBUG 19328 --- [nexus-marketplace] [http-nio-8080-exec-4] o.s.security.web.FilterChainProxy        : Securing GET /error
2025-11-29T20:07:59.560-05:00 DEBUG 19328 --- [nexus-marketplace] [http-nio-8080-exec-4] o.s.s.w.a.AnonymousAuthenticationFilter  : Set SecurityContextHolder to anonymous SecurityContext
2025-11-29T20:07:59.560-05:00 DEBUG 19328 --- [nexus-marketplace] [http-nio-8080-exec-4] o.s.s.w.a.Http403ForbiddenEntryPoint     : Pre-authenticated entry point called. Rejecting access
2025-11-29T20:07:59.562-05:00 DEBUG 19328 --- [nexus-marketplace] [http-nio-8080-exec-3] o.s.security.web.FilterChainProxy        : Securing GET /c/games
2025-11-29T20:07:59.563-05:00 DEBUG 19328 --- [nexus-marketplace] [http-nio-8080-exec-3] o.s.s.w.a.AnonymousAuthenticationFilter  : Set SecurityContextHolder to anonymous SecurityContext
2025-11-29T20:07:59.564-05:00 DEBUG 19328 --- [nexus-marketplace] [http-nio-8080-exec-3] o.s.s.w.a.Http403ForbiddenEntryPoint     : Pre-authenticated entry point called. Rejecting access
2025-11-29T20:07:59.565-05:00 DEBUG 19328 --- [nexus-marketplace] [http-nio-8080-exec-3] o.s.security.web.FilterChainProxy        : Securing GET /error
2025-11-29T20:07:59.566-05:00 DEBUG 19328 --- [nexus-marketplace] [http-nio-8080-exec-3] o.s.s.w.a.AnonymousAuthenticationFilter  : Set SecurityContextHolder to anonymous SecurityContext
2025-11-29T20:07:59.567-05:00 DEBUG 19328 --- [nexus-marketplace] [http-nio-8080-exec-3] o.s.s.w.a.Http403ForbiddenEntryPoint     : Pre-authenticated entry point called. Rejecting access
2025-11-29T20:08:32.785-05:00 DEBUG 19328 --- [nexus-marketplace] [http-nio-8080-exec-6] o.s.security.web.FilterChainProxy        : Securing GET /c/games
2025-11-29T20:08:32.786-05:00 DEBUG 19328 --- [nexus-marketplace] [http-nio-8080-exec-6] o.s.s.w.a.AnonymousAuthenticationFilter  : Set SecurityContextHolder to anonymous SecurityContext
2025-11-29T20:08:32.787-05:00 DEBUG 19328 --- [nexus-marketplace] [http-nio-8080-exec-6] o.s.s.w.a.Http403ForbiddenEntryPoint     : Pre-authenticated entry point called. Rejecting access
2025-11-29T20:08:32.788-05:00 DEBUG 19328 --- [nexus-marketplace] [http-nio-8080-exec-6] o.s.security.web.FilterChainProxy        : Securing GET /error
2025-11-29T20:08:32.788-05:00 DEBUG 19328 --- [nexus-marketplace] [http-nio-8080-exec-6] o.s.s.w.a.AnonymousAuthenticationFilter  : Set SecurityContextHolder to anonymous SecurityContext
2025-11-29T20:08:32.789-05:00 DEBUG 19328 --- [nexus-marketplace] [http-nio-8080-exec-6] o.s.s.w.a.Http403ForbiddenEntryPoint     : Pre-authenticated entry point called. Rejecting access
2025-11-29T20:08:32.790-05:00 DEBUG 19328 --- [nexus-marketplace] [http-nio-8080-exec-5] o.s.security.web.FilterChainProxy        : Securing GET /c/games
2025-11-29T20:08:32.791-05:00 DEBUG 19328 --- [nexus-marketplace] [http-nio-8080-exec-5] o.s.s.w.a.AnonymousAuthenticationFilter  : Set SecurityContextHolder to anonymous SecurityContext
2025-11-29T20:08:32.793-05:00 DEBUG 19328 --- [nexus-marketplace] [http-nio-8080-exec-5] o.s.s.w.a.Http403ForbiddenEntryPoint     : Pre-authenticated entry point called. Rejecting access
2025-11-29T20:08:32.793-05:00 DEBUG 19328 --- [nexus-marketplace] [http-nio-8080-exec-5] o.s.security.web.FilterChainProxy        : Securing GET /error
2025-11-29T20:08:32.794-05:00 DEBUG 19328 --- [nexus-marketplace] [http-nio-8080-exec-5] o.s.s.w.a.AnonymousAuthenticationFilter  : Set SecurityContextHolder to anonymous SecurityContext
2025-11-29T20:08:32.795-05:00 DEBUG 19328 --- [nexus-marketplace] [http-nio-8080-exec-5] o.s.s.w.a.Http403ForbiddenEntryPoint     : Pre-authenticated entry point called. Rejecting access
2025-11-29T20:34:02.050-05:00 DEBUG 19328 --- [nexus-marketplace] [http-nio-8080-exec-9] o.s.security.web.FilterChainProxy        : Securing GET /api/games
2025-11-29T20:34:02.050-05:00 DEBUG 19328 --- [nexus-marketplace] [http-nio-8080-exec-9] o.s.s.w.a.AnonymousAuthenticationFilter  : Set SecurityContextHolder to anonymous SecurityContext
2025-11-29T20:34:02.051-05:00 DEBUG 19328 --- [nexus-marketplace] [http-nio-8080-exec-9] o.s.security.web.FilterChainProxy        : Secured GET /api/games
2025-11-29T20:34:24.365-05:00 DEBUG 19328 --- [nexus-marketplace] [http-nio-8080-exec-2] o.s.security.web.FilterChainProxy        : Securing GET /api/games
2025-11-29T20:34:24.366-05:00 DEBUG 19328 --- [nexus-marketplace] [http-nio-8080-exec-2] o.s.s.w.a.AnonymousAuthenticationFilter  : Set SecurityContextHolder to anonymous SecurityContext
2025-11-29T20:34:24.367-05:00 DEBUG 19328 --- [nexus-marketplace] [http-nio-8080-exec-2] o.s.security.web.FilterChainProxy        : Secured GET /api/games
2025-11-29T20:34:24.380-05:00 DEBUG 19328 --- [nexus-marketplace] [http-nio-8080-exec-1] o.s.security.web.FilterChainProxy        : Securing GET /api/games
2025-11-29T20:34:24.381-05:00 DEBUG 19328 --- [nexus-marketplace] [http-nio-8080-exec-1] o.s.s.w.a.AnonymousAuthenticationFilter  : Set SecurityContextHolder to anonymous SecurityContext
2025-11-29T20:34:24.381-05:00 DEBUG 19328 --- [nexus-marketplace] [http-nio-8080-exec-1] o.s.security.web.FilterChainProxy        : Secured GET /api/games
2025-11-29T20:34:36.536-05:00 DEBUG 19328 --- [nexus-marketplace] [http-nio-8080-exec-4] o.s.security.web.FilterChainProxy        : Securing GET /api/games
2025-11-29T20:34:36.537-05:00 DEBUG 19328 --- [nexus-marketplace] [http-nio-8080-exec-4] o.s.s.w.a.AnonymousAuthenticationFilter  : Set SecurityContextHolder to anonymous SecurityContext
2025-11-29T20:34:36.537-05:00 DEBUG 19328 --- [nexus-marketplace] [http-nio-8080-exec-4] o.s.security.web.FilterChainProxy        : Secured GET /api/games
2025-11-29T20:34:36.546-05:00 DEBUG 19328 --- [nexus-marketplace] [http-nio-8080-exec-3] o.s.security.web.FilterChainProxy        : Securing GET /api/games
2025-11-29T20:34:36.546-05:00 DEBUG 19328 --- [nexus-marketplace] [http-nio-8080-exec-3] o.s.s.w.a.AnonymousAuthenticationFilter  : Set SecurityContextHolder to anonymous SecurityContext
2025-11-29T20:34:36.547-05:00 DEBUG 19328 --- [nexus-marketplace] [http-nio-8080-exec-3] o.s.security.web.FilterChainProxy        : Secured GET /api/games
2025-11-29T20:34:39.585-05:00 DEBUG 19328 --- [nexus-marketplace] [http-nio-8080-exec-6] o.s.security.web.FilterChainProxy        : Securing GET /api/games
2025-11-29T20:34:39.585-05:00 DEBUG 19328 --- [nexus-marketplace] [http-nio-8080-exec-6] o.s.s.w.a.AnonymousAuthenticationFilter  : Set SecurityContextHolder to anonymous SecurityContext
2025-11-29T20:34:39.585-05:00 DEBUG 19328 --- [nexus-marketplace] [http-nio-8080-exec-6] o.s.security.web.FilterChainProxy        : Secured GET /api/games
